<?xml version="1.0" encoding="UTF-8"?>
<testng-results ignored="0" total="1" passed="1" failed="0" skipped="0">
  <reporter-output>
  </reporter-output>
  <suite started-at="2025-02-21T20:10:36 IST" name="suite" finished-at="2025-02-21T20:10:36 IST" duration-ms="34">
    <groups>
    </groups>
    <test started-at="2025-02-21T20:10:36 IST" name="test suite" finished-at="2025-02-21T20:10:36 IST" duration-ms="34">
      <class name="com.example.AppTest">
        <test-method signature="givenNumber_whenEven_thenTrue()[pri:0, instance:com.example.AppTest@5e316c74]" started-at="2025-02-21T20:10:36 IST" name="givenNumber_whenEven_thenTrue" finished-at="2025-02-21T20:10:36 IST" duration-ms="6" status="PASS">
          <reporter-output>
          </reporter-output>
        </test-method> <!-- givenNumber_whenEven_thenTrue -->
      </class> <!-- com.example.AppTest -->
    </test> <!-- test suite -->
  </suite> <!-- suite -->
</testng-results>
